jay@MacBookPro ~/D/MA (main)> python src/training/rl/a2c/a2c_baseline.py                                                                        (base) 
/Users/jay/miniconda3/lib/python3.10/site-packages/timm/models/layers/__init__.py:48: FutureWarning: Importing from timm.models.layers is deprecated, please import via timm.layers
  warnings.warn(f"Importing from {__name__} is deprecated, please import via timm.layers", FutureWarning)
Training on device: mps
Using a slow image processor as `use_fast` is unset and a slow processor was saved with this model. `use_fast=True` will be the default behavior in v4.52, even if the model was saved with a slow processor. This will result in minor differences in outputs. You'll still be able to use a slow processor with `use_fast=False`.
Using patch score: text_align_score
Model parameters: 199,683
Found 80 WSI images
Asking to truncate to max_length but no maximum length is provided and the model has no predefined maximum length. Default to no truncation.
[Epoch 1/10] Step 10 | Image: TCGA-05-5423-LUAD | Loss: 0.3753 | Terminal R: 1.0000 | Return: 1.0000 | Steps: 1 | Entropy: 0.6931
[Epoch 1/10] Step 20 | Image: TCGA-18-3406-LUSC | Loss: 0.9843 | Terminal R: 1.0000 | Return: 1.9900 | Steps: 2 | Entropy: 0.6931
[Epoch 1/10] Step 30 | Image: TCGA-18-3408-LUSC | Loss: 0.5754 | Terminal R: 1.0000 | Return: 1.0000 | Steps: 1 | Entropy: 0.6931
[Epoch 1/10] Step 40 | Image: TCGA-18-3412-LUSC | Loss: 0.3696 | Terminal R: 1.0000 | Return: 1.0000 | Steps: 1 | Entropy: 0.6931
[Epoch 1/10] Step 50 | Image: TCGA-18-3417-LUSC | Loss: 0.4072 | Terminal R: 1.0000 | Return: 1.0000 | Steps: 1 | Entropy: 0.6931
[Epoch 1/10] Step 60 | Image: TCGA-18-5592-LUSC | Loss: 0.5986 | Terminal R: 1.0000 | Return: 1.0000 | Steps: 1 | Entropy: 0.6931
[Epoch 1/10] Step 70 | Image: TCGA-2H-A9GJ-ESCA | Loss: 0.5842 | Terminal R: 1.0000 | Return: 1.9900 | Steps: 2 | Entropy: 0.6931
[Epoch 1/10] Step 80 | Image: TCGA-2Y-A9GT-LIHC | Loss: 0.2939 | Terminal R: 1.0000 | Return: 1.0000 | Steps: 1 | Entropy: 0.6931
[Epoch 1/10] Step 90 | Image: TCGA-38-4628-LUAD | Loss: 0.4661 | Terminal R: 1.0000 | Return: 1.0000 | Steps: 1 | Entropy: 0.6931
[Epoch 1/10] Step 100 | Image: TCGA-3M-AB46-STAD | Loss: 1.4115 | Terminal R: 1.0000 | Return: 2.9701 | Steps: 3 | Entropy: 0.6931
[Epoch 1/10] Step 110 | Image: TCGA-44-2666-LUAD | Loss: 0.2914 | Terminal R: 1.0000 | Return: 1.0000 | Steps: 1 | Entropy: 0.6931
[Epoch 1/10] Step 120 | Image: TCGA-44-6775-LUAD | Loss: 0.6391 | Terminal R: 1.0000 | Return: 1.0000 | Steps: 1 | Entropy: 0.6931
[Epoch 1/10] Step 130 | Image: TCGA-55-6642-LUAD | Loss: 0.4319 | Terminal R: 1.0000 | Return: 1.0000 | Steps: 1 | Entropy: 0.6931
[Epoch 1/10] Step 140 | Image: TCGA-55-8204-LUAD | Loss: 1.0193 | Terminal R: 1.0000 | Return: 2.9701 | Steps: 3 | Entropy: 0.6931
[Epoch 1/10] Step 150 | Image: TCGA-AA-3489-COAD | Loss: 0.1962 | Terminal R: 1.0000 | Return: 1.0000 | Steps: 1 | Entropy: 0.6931
[Epoch 1/10] Step 160 | Image: TCGA-AD-5900-COAD | Loss: 0.5944 | Terminal R: 1.0000 | Return: 1.9900 | Steps: 2 | Entropy: 0.6931
[Epoch 1/10] Step 170 | Image: TCGA-AG-3591-READ | Loss: 0.1360 | Terminal R: 1.0000 | Return: 1.0000 | Steps: 1 | Entropy: 0.6931
[Epoch 1/10] Step 180 | Image: TCGA-AZ-5407-COAD | Loss: 0.3835 | Terminal R: 1.0000 | Return: 1.0000 | Steps: 1 | Entropy: 0.6931
[Epoch 1/10] Step 190 | Image: TCGA-BD-A3ER-LIHC | Loss: 0.4598 | Terminal R: 1.0000 | Return: 1.0000 | Steps: 1 | Entropy: 0.6931
[Epoch 1/10] Step 200 | Image: TCGA-CC-A5UE-LIHC | Loss: 0.4621 | Terminal R: 1.0000 | Return: 1.9900 | Steps: 2 | Entropy: 0.6931
[Epoch 1/10] Step 210 | Image: TCGA-CG-5716-STAD | Loss: 0.3842 | Terminal R: 1.0000 | Return: 1.0000 | Steps: 1 | Entropy: 0.6931
[Epoch 1/10] Step 220 | Image: TCGA-CG-5723-STAD | Loss: 0.7276 | Terminal R: 1.0000 | Return: 1.0000 | Steps: 1 | Entropy: 0.6931
[Epoch 1/10] Step 230 | Image: TCGA-CK-4950-COAD | Loss: 0.3823 | Terminal R: 1.0000 | Return: 1.0000 | Steps: 1 | Entropy: 0.6931
[Epoch 1/10] Step 240 | Image: TCGA-CK-5913-COAD | Loss: 0.5246 | Terminal R: 1.0000 | Return: 1.9900 | Steps: 2 | Entropy: 0.6931
[Epoch 1/10] Step 250 | Image: TCGA-D3-A1Q6-SKCM | Loss: 0.5851 | Terminal R: 1.0000 | Return: 1.9900 | Steps: 2 | Entropy: 0.6931
[Epoch 1/10] Step 260 | Image: TCGA-D3-A3MO-SKCM | Loss: 0.2690 | Terminal R: 1.0000 | Return: 1.0000 | Steps: 1 | Entropy: 0.6931
[Epoch 1/10] Step 270 | Image: TCGA-D3-A5GL-SKCM | Loss: 0.5329 | Terminal R: 1.0000 | Return: 1.0000 | Steps: 1 | Entropy: 0.6931
[Epoch 1/10] Step 280 | Image: TCGA-D7-8574-STAD | Loss: 0.4869 | Terminal R: 1.0000 | Return: 1.0000 | Steps: 1 | Entropy: 0.6931
[Epoch 1/10] Step 290 | Image: TCGA-DA-A1I5-SKCM | Loss: 0.6788 | Terminal R: 1.0000 | Return: 1.0000 | Steps: 1 | Entropy: 0.6931
[Epoch 1/10] Step 300 | Image: TCGA-DD-A1EB-LIHC | Loss: 0.4972 | Terminal R: 1.0000 | Return: 1.0000 | Steps: 1 | Entropy: 0.6931
[Epoch 1/10] Step 310 | Image: TCGA-DD-A1EG-LIHC | Loss: 0.5744 | Terminal R: 1.0000 | Return: 1.9900 | Steps: 2 | Entropy: 0.6931
[Epoch 1/10] Step 320 | Image: TCGA-F2-6879-PAAD | Loss: 1.6321 | Terminal R: 1.0000 | Return: 2.9701 | Steps: 3 | Entropy: 0.6931
[Epoch 1/10] Step 330 | Image: TCGA-FP-A9TM-STAD | Loss: 1.4149 | Terminal R: 1.0000 | Return: 2.9701 | Steps: 3 | Entropy: 0.6931
[Epoch 1/10] Step 340 | Image: TCGA-G5-6641-READ | Loss: 2.8009 | Terminal R: 1.0000 | Return: 3.9404 | Steps: 4 | Entropy: 0.6931
[Epoch 1/10] Step 350 | Image: TCGA-HU-A4HB-STAD | Loss: 0.8606 | Terminal R: 1.0000 | Return: 1.9900 | Steps: 2 | Entropy: 0.6931
[Epoch 1/10] Step 360 | Image: TCGA-L5-A4ON-ESCA | Loss: 0.7045 | Terminal R: 1.0000 | Return: 1.9900 | Steps: 2 | Entropy: 0.6931
[Epoch 1/10] Step 370 | Image: TCGA-NQ-A57I-MESO | Loss: 0.4353 | Terminal R: 1.0000 | Return: 1.0000 | Steps: 1 | Entropy: 0.6931
[Epoch 1/10] Step 380 | Image: TCGA-V4-A9EE-UVM | Loss: 0.6057 | Terminal R: 1.0000 | Return: 1.9900 | Steps: 2 | Entropy: 0.6931
[Epoch 1/10] Step 390 | Image: TCGA-V5-AASW-ESCA | Loss: 0.5134 | Terminal R: 1.0000 | Return: 1.0000 | Steps: 1 | Entropy: 0.6931
[Epoch 1/10] Step 400 | Image: TCGA-XT-AASU-MESO | Loss: 0.5352 | Terminal R: 1.0000 | Return: 1.9900 | Steps: 2 | Entropy: 0.6931

================================================================================
Epoch 1/10 completed in 376.80s
================================================================================
loss                :   0.7650 ± 0.5720
terminal_reward     :   1.0000 ± 0.0000
episode_return      :   1.7418 ± 0.8936
steps               :   1.7525 ± 0.9090
entropy             :   0.6931 ± 0.0000
================================================================================

Checkpoint saved: data/models/rl/a2c_baseline/a2c_baseline_epoch_1.pt

[Epoch 2/10] Step 410 | Image: TCGA-05-5423-LUAD | Loss: 0.3328 | Terminal R: 1.0000 | Return: 1.0000 | Steps: 1 | Entropy: 0.6931
[Epoch 2/10] Step 420 | Image: TCGA-18-3406-LUSC | Loss: 0.7366 | Terminal R: 1.0000 | Return: 1.0000 | Steps: 1 | Entropy: 0.6931
[Epoch 2/10] Step 430 | Image: TCGA-18-3408-LUSC | Loss: 0.3354 | Terminal R: 1.0000 | Return: 1.0000 | Steps: 1 | Entropy: 0.6931
[Epoch 2/10] Step 440 | Image: TCGA-18-3412-LUSC | Loss: 0.3880 | Terminal R: 1.0000 | Return: 1.0000 | Steps: 1 | Entropy: 0.6931
[Epoch 2/10] Step 450 | Image: TCGA-18-3417-LUSC | Loss: 0.5018 | Terminal R: 1.0000 | Return: 1.0000 | Steps: 1 | Entropy: 0.6931
[Epoch 2/10] Step 460 | Image: TCGA-18-5592-LUSC | Loss: 0.5425 | Terminal R: 1.0000 | Return: 1.0000 | Steps: 1 | Entropy: 0.6931
[Epoch 2/10] Step 470 | Image: TCGA-2H-A9GJ-ESCA | Loss: 0.5900 | Terminal R: 1.0000 | Return: 1.9900 | Steps: 2 | Entropy: 0.6931
[Epoch 2/10] Step 480 | Image: TCGA-2Y-A9GT-LIHC | Loss: 0.6466 | Terminal R: 1.0000 | Return: 1.0000 | Steps: 1 | Entropy: 0.6931
[Epoch 2/10] Step 490 | Image: TCGA-38-4628-LUAD | Loss: 2.4992 | Terminal R: 1.0000 | Return: 3.9404 | Steps: 4 | Entropy: 0.6931
[Epoch 2/10] Step 500 | Image: TCGA-3M-AB46-STAD | Loss: 4.1802 | Terminal R: 1.0000 | Return: 4.9010 | Steps: 5 | Entropy: 0.6931
[Epoch 2/10] Step 510 | Image: TCGA-44-2666-LUAD | Loss: 0.6474 | Terminal R: 1.0000 | Return: 1.9900 | Steps: 2 | Entropy: 0.6931
[Epoch 2/10] Step 520 | Image: TCGA-44-6775-LUAD | Loss: 0.4560 | Terminal R: 1.0000 | Return: 1.0000 | Steps: 1 | Entropy: 0.6931
[Epoch 2/10] Step 530 | Image: TCGA-55-6642-LUAD | Loss: 0.5285 | Terminal R: 1.0000 | Return: 1.0000 | Steps: 1 | Entropy: 0.6931
[Epoch 2/10] Step 540 | Image: TCGA-55-8204-LUAD | Loss: 0.3350 | Terminal R: 1.0000 | Return: 1.0000 | Steps: 1 | Entropy: 0.6931
[Epoch 2/10] Step 550 | Image: TCGA-AA-3489-COAD | Loss: 0.5921 | Terminal R: 1.0000 | Return: 1.9900 | Steps: 2 | Entropy: 0.6931
[Epoch 2/10] Step 560 | Image: TCGA-AD-5900-COAD | Loss: 0.7923 | Terminal R: 1.0000 | Return: 1.9900 | Steps: 2 | Entropy: 0.6931
[Epoch 2/10] Step 570 | Image: TCGA-AG-3591-READ | Loss: 0.3754 | Terminal R: 1.0000 | Return: 1.0000 | Steps: 1 | Entropy: 0.6931
[Epoch 2/10] Step 580 | Image: TCGA-AZ-5407-COAD | Loss: 0.7599 | Terminal R: 1.0000 | Return: 1.0000 | Steps: 1 | Entropy: 0.6931
[Epoch 2/10] Step 590 | Image: TCGA-BD-A3ER-LIHC | Loss: 1.5931 | Terminal R: 1.0000 | Return: 2.9701 | Steps: 3 | Entropy: 0.6931
[Epoch 2/10] Step 600 | Image: TCGA-CC-A5UE-LIHC | Loss: 0.7689 | Terminal R: 1.0000 | Return: 1.0000 | Steps: 1 | Entropy: 0.6931
[Epoch 2/10] Step 610 | Image: TCGA-CG-5716-STAD | Loss: 0.6347 | Terminal R: 1.0000 | Return: 1.0000 | Steps: 1 | Entropy: 0.6931
[Epoch 2/10] Step 620 | Image: TCGA-CG-5723-STAD | Loss: 0.7039 | Terminal R: 1.0000 | Return: 1.9900 | Steps: 2 | Entropy: 0.6931
[Epoch 2/10] Step 630 | Image: TCGA-CK-4950-COAD | Loss: 0.6875 | Terminal R: 1.0000 | Return: 1.0000 | Steps: 1 | Entropy: 0.6931
[Epoch 2/10] Step 640 | Image: TCGA-CK-5913-COAD | Loss: 0.7276 | Terminal R: 1.0000 | Return: 1.9900 | Steps: 2 | Entropy: 0.6931
[Epoch 2/10] Step 650 | Image: TCGA-D3-A1Q6-SKCM | Loss: 0.8116 | Terminal R: 1.0000 | Return: 1.0000 | Steps: 1 | Entropy: 0.6931
[Epoch 2/10] Step 660 | Image: TCGA-D3-A3MO-SKCM | Loss: 0.3956 | Terminal R: 1.0000 | Return: 1.0000 | Steps: 1 | Entropy: 0.6931
[Epoch 2/10] Step 670 | Image: TCGA-D3-A5GL-SKCM | Loss: 0.7476 | Terminal R: 1.0000 | Return: 1.9900 | Steps: 2 | Entropy: 0.6931
[Epoch 2/10] Step 680 | Image: TCGA-D7-8574-STAD | Loss: 0.6399 | Terminal R: 1.0000 | Return: 1.0000 | Steps: 1 | Entropy: 0.6931
[Epoch 2/10] Step 690 | Image: TCGA-DA-A1I5-SKCM | Loss: 1.4761 | Terminal R: 1.0000 | Return: 2.9701 | Steps: 3 | Entropy: 0.6931
[Epoch 2/10] Step 700 | Image: TCGA-DD-A1EB-LIHC | Loss: 0.4649 | Terminal R: 1.0000 | Return: 1.0000 | Steps: 1 | Entropy: 0.6931
[Epoch 2/10] Step 710 | Image: TCGA-DD-A1EG-LIHC | Loss: 0.3849 | Terminal R: 1.0000 | Return: 1.0000 | Steps: 1 | Entropy: 0.6931
[Epoch 2/10] Step 720 | Image: TCGA-F2-6879-PAAD | Loss: 0.6316 | Terminal R: 1.0000 | Return: 1.0000 | Steps: 1 | Entropy: 0.6931
[Epoch 2/10] Step 730 | Image: TCGA-FP-A9TM-STAD | Loss: 0.4739 | Terminal R: 1.0000 | Return: 1.0000 | Steps: 1 | Entropy: 0.6931
[Epoch 2/10] Step 740 | Image: TCGA-G5-6641-READ | Loss: 0.5480 | Terminal R: 1.0000 | Return: 1.0000 | Steps: 1 | Entropy: 0.6931
[Epoch 2/10] Step 750 | Image: TCGA-HU-A4HB-STAD | Loss: 1.5232 | Terminal R: 1.0000 | Return: 2.9701 | Steps: 3 | Entropy: 0.6931
[Epoch 2/10] Step 760 | Image: TCGA-L5-A4ON-ESCA | Loss: 0.5981 | Terminal R: 1.0000 | Return: 1.9900 | Steps: 2 | Entropy: 0.6931
[Epoch 2/10] Step 770 | Image: TCGA-NQ-A57I-MESO | Loss: 0.4901 | Terminal R: 1.0000 | Return: 1.0000 | Steps: 1 | Entropy: 0.6931
[Epoch 2/10] Step 780 | Image: TCGA-V4-A9EE-UVM | Loss: 0.5619 | Terminal R: 1.0000 | Return: 1.9900 | Steps: 2 | Entropy: 0.6931
[Epoch 2/10] Step 790 | Image: TCGA-V5-AASW-ESCA | Loss: 0.5224 | Terminal R: 1.0000 | Return: 1.0000 | Steps: 1 | Entropy: 0.6931
[Epoch 2/10] Step 800 | Image: TCGA-XT-AASU-MESO | Loss: 0.7033 | Terminal R: 1.0000 | Return: 1.9900 | Steps: 2 | Entropy: 0.6931

================================================================================
Epoch 2/10 completed in 374.97s
================================================================================
loss                :   0.8267 ± 0.6228
terminal_reward     :   0.9925 ± 0.0863
episode_return      :   1.7344 ± 0.8950
steps               :   1.7550 ± 0.9055
entropy             :   0.6931 ± 0.0000
================================================================================

Checkpoint saved: data/models/rl/a2c_baseline/a2c_baseline_epoch_2.pt

[Epoch 3/10] Step 810 | Image: TCGA-05-5423-LUAD | Loss: 0.7145 | Terminal R: 1.0000 | Return: 1.9900 | Steps: 2 | Entropy: 0.6931
[Epoch 3/10] Step 820 | Image: TCGA-18-3406-LUSC | Loss: 2.6408 | Terminal R: 1.0000 | Return: 3.9404 | Steps: 4 | Entropy: 0.6931
[Epoch 3/10] Step 830 | Image: TCGA-18-3408-LUSC | Loss: 0.6132 | Terminal R: 1.0000 | Return: 1.0000 | Steps: 1 | Entropy: 0.6931
[Epoch 3/10] Step 840 | Image: TCGA-18-3412-LUSC | Loss: 0.4111 | Terminal R: 1.0000 | Return: 1.0000 | Steps: 1 | Entropy: 0.6931
[Epoch 3/10] Step 850 | Image: TCGA-18-3417-LUSC | Loss: 1.5939 | Terminal R: 1.0000 | Return: 2.9701 | Steps: 3 | Entropy: 0.6931
[Epoch 3/10] Step 860 | Image: TCGA-18-5592-LUSC | Loss: 1.4263 | Terminal R: 1.0000 | Return: 2.9701 | Steps: 3 | Entropy: 0.6931
[Epoch 3/10] Step 870 | Image: TCGA-2H-A9GJ-ESCA | Loss: 0.6005 | Terminal R: 1.0000 | Return: 1.9900 | Steps: 2 | Entropy: 0.6931
[Epoch 3/10] Step 880 | Image: TCGA-2Y-A9GT-LIHC | Loss: 0.7572 | Terminal R: 1.0000 | Return: 1.9900 | Steps: 2 | Entropy: 0.6931
[Epoch 3/10] Step 890 | Image: TCGA-38-4628-LUAD | Loss: 0.6158 | Terminal R: 1.0000 | Return: 1.0000 | Steps: 1 | Entropy: 0.6931
[Epoch 3/10] Step 900 | Image: TCGA-3M-AB46-STAD | Loss: 4.1932 | Terminal R: 1.0000 | Return: 4.9010 | Steps: 5 | Entropy: 0.6931
[Epoch 3/10] Step 910 | Image: TCGA-44-2666-LUAD | Loss: 0.4518 | Terminal R: 1.0000 | Return: 1.0000 | Steps: 1 | Entropy: 0.6931
[Epoch 3/10] Step 920 | Image: TCGA-44-6775-LUAD | Loss: 0.7578 | Terminal R: 1.0000 | Return: 1.0000 | Steps: 1 | Entropy: 0.6931
[Epoch 3/10] Step 930 | Image: TCGA-55-6642-LUAD | Loss: 0.7909 | Terminal R: 1.0000 | Return: 1.9900 | Steps: 2 | Entropy: 0.6931
[Epoch 3/10] Step 940 | Image: TCGA-55-8204-LUAD | Loss: 0.3643 | Terminal R: 1.0000 | Return: 1.0000 | Steps: 1 | Entropy: 0.6931
[Epoch 3/10] Step 950 | Image: TCGA-AA-3489-COAD | Loss: 0.6009 | Terminal R: 1.0000 | Return: 1.9900 | Steps: 2 | Entropy: 0.6931
[Epoch 3/10] Step 960 | Image: TCGA-AD-5900-COAD | Loss: 2.8718 | Terminal R: 1.0000 | Return: 3.9404 | Steps: 4 | Entropy: 0.6931
[Epoch 3/10] Step 970 | Image: TCGA-AG-3591-READ | Loss: 0.6509 | Terminal R: 1.0000 | Return: 1.0000 | Steps: 1 | Entropy: 0.6931
[Epoch 3/10] Step 980 | Image: TCGA-AZ-5407-COAD | Loss: 0.7036 | Terminal R: 1.0000 | Return: 1.9900 | Steps: 2 | Entropy: 0.6931
[Epoch 3/10] Step 990 | Image: TCGA-BD-A3ER-LIHC | Loss: 0.6210 | Terminal R: 1.0000 | Return: 1.0000 | Steps: 1 | Entropy: 0.6931
[Epoch 3/10] Step 1000 | Image: TCGA-CC-A5UE-LIHC | Loss: 0.5018 | Terminal R: 1.0000 | Return: 1.0000 | Steps: 1 | Entropy: 0.6931
[Epoch 3/10] Step 1010 | Image: TCGA-CG-5716-STAD | Loss: 1.6988 | Terminal R: 1.0000 | Return: 2.9701 | Steps: 3 | Entropy: 0.6931
[Epoch 3/10] Step 1020 | Image: TCGA-CG-5723-STAD | Loss: 0.6780 | Terminal R: 1.0000 | Return: 1.0000 | Steps: 1 | Entropy: 0.6931
[Epoch 3/10] Step 1030 | Image: TCGA-CK-4950-COAD | Loss: 0.7109 | Terminal R: 1.0000 | Return: 1.9900 | Steps: 2 | Entropy: 0.6931
[Epoch 3/10] Step 1040 | Image: TCGA-CK-5913-COAD | Loss: 0.6851 | Terminal R: 1.0000 | Return: 1.0000 | Steps: 1 | Entropy: 0.6931
[Epoch 3/10] Step 1050 | Image: TCGA-D3-A1Q6-SKCM | Loss: 0.5467 | Terminal R: 1.0000 | Return: 1.0000 | Steps: 1 | Entropy: 0.6931
[Epoch 3/10] Step 1060 | Image: TCGA-D3-A3MO-SKCM | Loss: 0.4798 | Terminal R: 1.0000 | Return: 1.0000 | Steps: 1 | Entropy: 0.6931
[Epoch 3/10] Step 1070 | Image: TCGA-D3-A5GL-SKCM | Loss: 0.6192 | Terminal R: 1.0000 | Return: 1.9900 | Steps: 2 | Entropy: 0.6931
[Epoch 3/10] Step 1080 | Image: TCGA-D7-8574-STAD | Loss: 0.7746 | Terminal R: 1.0000 | Return: 1.0000 | Steps: 1 | Entropy: 0.6931
[Epoch 3/10] Step 1090 | Image: TCGA-DA-A1I5-SKCM | Loss: 1.7799 | Terminal R: 1.0000 | Return: 2.9701 | Steps: 3 | Entropy: 0.6931
[Epoch 3/10] Step 1100 | Image: TCGA-DD-A1EB-LIHC | Loss: 0.5968 | Terminal R: 1.0000 | Return: 1.9900 | Steps: 2 | Entropy: 0.6931
[Epoch 3/10] Step 1110 | Image: TCGA-DD-A1EG-LIHC | Loss: 1.4398 | Terminal R: 1.0000 | Return: 2.9701 | Steps: 3 | Entropy: 0.6931
[Epoch 3/10] Step 1120 | Image: TCGA-F2-6879-PAAD | Loss: 1.6472 | Terminal R: 1.0000 | Return: 2.9701 | Steps: 3 | Entropy: 0.6931
[Epoch 3/10] Step 1130 | Image: TCGA-FP-A9TM-STAD | Loss: 0.7064 | Terminal R: 1.0000 | Return: 1.9900 | Steps: 2 | Entropy: 0.6931
[Epoch 3/10] Step 1140 | Image: TCGA-G5-6641-READ | Loss: 0.6160 | Terminal R: 1.0000 | Return: 1.0000 | Steps: 1 | Entropy: 0.6931
[Epoch 3/10] Step 1150 | Image: TCGA-HU-A4HB-STAD | Loss: 0.8391 | Terminal R: 1.0000 | Return: 1.9900 | Steps: 2 | Entropy: 0.6931
[Epoch 3/10] Step 1160 | Image: TCGA-L5-A4ON-ESCA | Loss: 0.5908 | Terminal R: 1.0000 | Return: 1.9900 | Steps: 2 | Entropy: 0.6931
[Epoch 3/10] Step 1170 | Image: TCGA-NQ-A57I-MESO | Loss: 2.6424 | Terminal R: 1.0000 | Return: 3.9404 | Steps: 4 | Entropy: 0.6931
[Epoch 3/10] Step 1180 | Image: TCGA-V4-A9EE-UVM | Loss: 0.4527 | Terminal R: 1.0000 | Return: 1.0000 | Steps: 1 | Entropy: 0.6931
[Epoch 3/10] Step 1190 | Image: TCGA-V5-AASW-ESCA | Loss: 0.7293 | Terminal R: 1.0000 | Return: 1.9900 | Steps: 2 | Entropy: 0.6931
[Epoch 3/10] Step 1200 | Image: TCGA-XT-AASU-MESO | Loss: 0.4734 | Terminal R: 1.0000 | Return: 1.0000 | Steps: 1 | Entropy: 0.6931

================================================================================
Epoch 3/10 completed in 437.76s
================================================================================
loss                :   0.8941 ± 0.6418
terminal_reward     :   0.9925 ± 0.0863
episode_return      :   1.8203 ± 0.9423
steps               :   1.8400 ± 0.9484
entropy             :   0.6931 ± 0.0000
================================================================================

Checkpoint saved: data/models/rl/a2c_baseline/a2c_baseline_epoch_3.pt

[Epoch 4/10] Step 1210 | Image: TCGA-05-5423-LUAD | Loss: 0.6170 | Terminal R: 1.0000 | Return: 1.0000 | Steps: 1 | Entropy: 0.6931
[Epoch 4/10] Step 1220 | Image: TCGA-18-3406-LUSC | Loss: 2.8007 | Terminal R: 1.0000 | Return: 3.9404 | Steps: 4 | Entropy: 0.6931
[Epoch 4/10] Step 1230 | Image: TCGA-18-3408-LUSC | Loss: 0.7572 | Terminal R: 1.0000 | Return: 1.0000 | Steps: 1 | Entropy: 0.6931
[Epoch 4/10] Step 1240 | Image: TCGA-18-3412-LUSC | Loss: 0.5644 | Terminal R: 1.0000 | Return: 1.0000 | Steps: 1 | Entropy: 0.6931
[Epoch 4/10] Step 1250 | Image: TCGA-18-3417-LUSC | Loss: 0.5867 | Terminal R: 1.0000 | Return: 1.0000 | Steps: 1 | Entropy: 0.6931
[Epoch 4/10] Step 1260 | Image: TCGA-18-5592-LUSC | Loss: 1.4851 | Terminal R: 1.0000 | Return: 2.9701 | Steps: 3 | Entropy: 0.6931
[Epoch 4/10] Step 1270 | Image: TCGA-2H-A9GJ-ESCA | Loss: 0.8367 | Terminal R: 1.0000 | Return: 1.9900 | Steps: 2 | Entropy: 0.6931
[Epoch 4/10] Step 1280 | Image: TCGA-2Y-A9GT-LIHC | Loss: 1.4018 | Terminal R: 1.0000 | Return: 2.9701 | Steps: 3 | Entropy: 0.6931
[Epoch 4/10] Step 1290 | Image: TCGA-38-4628-LUAD | Loss: 0.7072 | Terminal R: 1.0000 | Return: 1.9900 | Steps: 2 | Entropy: 0.6931
[Epoch 4/10] Step 1300 | Image: TCGA-3M-AB46-STAD | Loss: 0.6473 | Terminal R: 1.0000 | Return: 1.0000 | Steps: 1 | Entropy: 0.6931
[Epoch 4/10] Step 1310 | Image: TCGA-44-2666-LUAD | Loss: 0.4880 | Terminal R: 1.0000 | Return: 1.0000 | Steps: 1 | Entropy: 0.6931
[Epoch 4/10] Step 1320 | Image: TCGA-44-6775-LUAD | Loss: 0.4277 | Terminal R: 1.0000 | Return: 1.0000 | Steps: 1 | Entropy: 0.6931
[Epoch 4/10] Step 1330 | Image: TCGA-55-6642-LUAD | Loss: 0.5895 | Terminal R: 1.0000 | Return: 1.0000 | Steps: 1 | Entropy: 0.6931
[Epoch 4/10] Step 1340 | Image: TCGA-55-8204-LUAD | Loss: 1.2865 | Terminal R: 1.0000 | Return: 2.9701 | Steps: 3 | Entropy: 0.6931
[Epoch 4/10] Step 1350 | Image: TCGA-AA-3489-COAD | Loss: 2.4418 | Terminal R: 1.0000 | Return: 3.9404 | Steps: 4 | Entropy: 0.6931
[Epoch 4/10] Step 1360 | Image: TCGA-AD-5900-COAD | Loss: 0.4536 | Terminal R: 1.0000 | Return: 1.0000 | Steps: 1 | Entropy: 0.6931
[Epoch 4/10] Step 1370 | Image: TCGA-AG-3591-READ | Loss: 0.4912 | Terminal R: 1.0000 | Return: 1.0000 | Steps: 1 | Entropy: 0.6931
[Epoch 4/10] Step 1380 | Image: TCGA-AZ-5407-COAD | Loss: 0.6238 | Terminal R: 1.0000 | Return: 1.0000 | Steps: 1 | Entropy: 0.6931
[Epoch 4/10] Step 1390 | Image: TCGA-BD-A3ER-LIHC | Loss: 0.8708 | Terminal R: 1.0000 | Return: 1.9900 | Steps: 2 | Entropy: 0.6931
[Epoch 4/10] Step 1400 | Image: TCGA-CC-A5UE-LIHC | Loss: 0.5496 | Terminal R: 1.0000 | Return: 1.0000 | Steps: 1 | Entropy: 0.6931
[Epoch 4/10] Step 1410 | Image: TCGA-CG-5716-STAD | Loss: 2.9259 | Terminal R: 1.0000 | Return: 3.9404 | Steps: 4 | Entropy: 0.6931
[Epoch 4/10] Step 1420 | Image: TCGA-CG-5723-STAD | Loss: 0.5496 | Terminal R: 1.0000 | Return: 1.0000 | Steps: 1 | Entropy: 0.6931
[Epoch 4/10] Step 1430 | Image: TCGA-CK-4950-COAD | Loss: 1.7180 | Terminal R: 1.0000 | Return: 2.9701 | Steps: 3 | Entropy: 0.6931
[Epoch 4/10] Step 1440 | Image: TCGA-CK-5913-COAD | Loss: 0.5415 | Terminal R: 1.0000 | Return: 1.0000 | Steps: 1 | Entropy: 0.6931
[Epoch 4/10] Step 1450 | Image: TCGA-D3-A1Q6-SKCM | Loss: 1.4745 | Terminal R: 1.0000 | Return: 2.9701 | Steps: 3 | Entropy: 0.6931
[Epoch 4/10] Step 1460 | Image: TCGA-D3-A3MO-SKCM | Loss: 0.4446 | Terminal R: 1.0000 | Return: 1.0000 | Steps: 1 | Entropy: 0.6931
[Epoch 4/10] Step 1470 | Image: TCGA-D3-A5GL-SKCM | Loss: 0.7047 | Terminal R: 1.0000 | Return: 1.9900 | Steps: 2 | Entropy: 0.6931
[Epoch 4/10] Step 1480 | Image: TCGA-D7-8574-STAD | Loss: 0.7444 | Terminal R: 1.0000 | Return: 1.0000 | Steps: 1 | Entropy: 0.6931
[Epoch 4/10] Step 1490 | Image: TCGA-DA-A1I5-SKCM | Loss: 1.7590 | Terminal R: 1.0000 | Return: 2.9701 | Steps: 3 | Entropy: 0.6931
[Epoch 4/10] Step 1500 | Image: TCGA-DD-A1EB-LIHC | Loss: 0.7681 | Terminal R: 1.0000 | Return: 1.0000 | Steps: 1 | Entropy: 0.6931
[Epoch 4/10] Step 1510 | Image: TCGA-DD-A1EG-LIHC | Loss: 0.4830 | Terminal R: 1.0000 | Return: 1.0000 | Steps: 1 | Entropy: 0.6931
[Epoch 4/10] Step 1520 | Image: TCGA-F2-6879-PAAD | Loss: 0.6658 | Terminal R: 1.0000 | Return: 1.0000 | Steps: 1 | Entropy: 0.6931
[Epoch 4/10] Step 1530 | Image: TCGA-FP-A9TM-STAD | Loss: 0.5370 | Terminal R: 1.0000 | Return: 1.0000 | Steps: 1 | Entropy: 0.6931
[Epoch 4/10] Step 1540 | Image: TCGA-G5-6641-READ | Loss: 2.8608 | Terminal R: 1.0000 | Return: 3.9404 | Steps: 4 | Entropy: 0.6931
[Epoch 4/10] Step 1550 | Image: TCGA-HU-A4HB-STAD | Loss: 0.5471 | Terminal R: 1.0000 | Return: 1.0000 | Steps: 1 | Entropy: 0.6931
[Epoch 4/10] Step 1560 | Image: TCGA-L5-A4ON-ESCA | Loss: 0.5623 | Terminal R: 1.0000 | Return: 1.0000 | Steps: 1 | Entropy: 0.6931
[Epoch 4/10] Step 1570 | Image: TCGA-NQ-A57I-MESO | Loss: 0.5822 | Terminal R: 1.0000 | Return: 1.0000 | Steps: 1 | Entropy: 0.6931
[Epoch 4/10] Step 1580 | Image: TCGA-V4-A9EE-UVM | Loss: 0.4546 | Terminal R: 1.0000 | Return: 1.0000 | Steps: 1 | Entropy: 0.6931
[Epoch 4/10] Step 1590 | Image: TCGA-V5-AASW-ESCA | Loss: 0.6211 | Terminal R: 1.0000 | Return: 1.0000 | Steps: 1 | Entropy: 0.6931
[Epoch 4/10] Step 1600 | Image: TCGA-XT-AASU-MESO | Loss: 0.6943 | Terminal R: 1.0000 | Return: 1.0000 | Steps: 1 | Entropy: 0.6931

================================================================================
Epoch 4/10 completed in 435.87s
================================================================================
loss                :   0.9485 ± 0.6707
terminal_reward     :   0.9925 ± 0.0863
episode_return      :   1.8151 ± 0.9739
steps               :   1.8375 ± 0.9854
entropy             :   0.6931 ± 0.0000
================================================================================

Checkpoint saved: data/models/rl/a2c_baseline/a2c_baseline_epoch_4.pt

[Epoch 5/10] Step 1610 | Image: TCGA-05-5423-LUAD | Loss: 1.5858 | Terminal R: 1.0000 | Return: 2.9701 | Steps: 3 | Entropy: 0.6931
[Epoch 5/10] Step 1620 | Image: TCGA-18-3406-LUSC | Loss: 0.7245 | Terminal R: 1.0000 | Return: 1.9900 | Steps: 2 | Entropy: 0.6931
[Epoch 5/10] Step 1630 | Image: TCGA-18-3408-LUSC | Loss: 1.6615 | Terminal R: 1.0000 | Return: 2.9701 | Steps: 3 | Entropy: 0.6931
[Epoch 5/10] Step 1640 | Image: TCGA-18-3412-LUSC | Loss: 0.5023 | Terminal R: 1.0000 | Return: 1.0000 | Steps: 1 | Entropy: 0.6931
[Epoch 5/10] Step 1650 | Image: TCGA-18-3417-LUSC | Loss: 0.7307 | Terminal R: 1.0000 | Return: 1.9900 | Steps: 2 | Entropy: 0.6931
[Epoch 5/10] Step 1660 | Image: TCGA-18-5592-LUSC | Loss: 0.5750 | Terminal R: 1.0000 | Return: 1.0000 | Steps: 1 | Entropy: 0.6931
[Epoch 5/10] Step 1670 | Image: TCGA-2H-A9GJ-ESCA | Loss: 0.6258 | Terminal R: 1.0000 | Return: 1.9900 | Steps: 2 | Entropy: 0.6931
[Epoch 5/10] Step 1680 | Image: TCGA-2Y-A9GT-LIHC | Loss: 0.7781 | Terminal R: 1.0000 | Return: 1.0000 | Steps: 1 | Entropy: 0.6931
[Epoch 5/10] Step 1690 | Image: TCGA-38-4628-LUAD | Loss: 0.7242 | Terminal R: 1.0000 | Return: 1.0000 | Steps: 1 | Entropy: 0.6931
[Epoch 5/10] Step 1700 | Image: TCGA-3M-AB46-STAD | Loss: 1.6782 | Terminal R: 1.0000 | Return: 2.9701 | Steps: 3 | Entropy: 0.6931
[Epoch 5/10] Step 1710 | Image: TCGA-44-2666-LUAD | Loss: 0.6178 | Terminal R: 1.0000 | Return: 1.0000 | Steps: 1 | Entropy: 0.6931
[Epoch 5/10] Step 1720 | Image: TCGA-44-6775-LUAD | Loss: 0.7173 | Terminal R: 1.0000 | Return: 1.0000 | Steps: 1 | Entropy: 0.6931
[Epoch 5/10] Step 1730 | Image: TCGA-55-6642-LUAD | Loss: 0.8856 | Terminal R: 1.0000 | Return: 1.9900 | Steps: 2 | Entropy: 0.6931
[Epoch 5/10] Step 1740 | Image: TCGA-55-8204-LUAD | Loss: 0.5919 | Terminal R: 1.0000 | Return: 1.0000 | Steps: 1 | Entropy: 0.6931
[Epoch 5/10] Step 1750 | Image: TCGA-AA-3489-COAD | Loss: 0.6003 | Terminal R: 1.0000 | Return: 1.9900 | Steps: 2 | Entropy: 0.6931
[Epoch 5/10] Step 1760 | Image: TCGA-AD-5900-COAD | Loss: 0.5907 | Terminal R: 1.0000 | Return: 1.0000 | Steps: 1 | Entropy: 0.6931
[Epoch 5/10] Step 1770 | Image: TCGA-AG-3591-READ | Loss: 0.6229 | Terminal R: 1.0000 | Return: 1.0000 | Steps: 1 | Entropy: 0.6931
[Epoch 5/10] Step 1780 | Image: TCGA-AZ-5407-COAD | Loss: 0.7167 | Terminal R: 1.0000 | Return: 1.0000 | Steps: 1 | Entropy: 0.6931
[Epoch 5/10] Step 1790 | Image: TCGA-BD-A3ER-LIHC | Loss: 0.5937 | Terminal R: 1.0000 | Return: 1.0000 | Steps: 1 | Entropy: 0.6931
[Epoch 5/10] Step 1800 | Image: TCGA-CC-A5UE-LIHC | Loss: 0.7298 | Terminal R: 1.0000 | Return: 1.9900 | Steps: 2 | Entropy: 0.6931
[Epoch 5/10] Step 1810 | Image: TCGA-CG-5716-STAD | Loss: 0.5827 | Terminal R: 1.0000 | Return: 1.0000 | Steps: 1 | Entropy: 0.6931
[Epoch 5/10] Step 1820 | Image: TCGA-CG-5723-STAD | Loss: 0.6331 | Terminal R: 1.0000 | Return: 1.0000 | Steps: 1 | Entropy: 0.6931
[Epoch 5/10] Step 1830 | Image: TCGA-CK-4950-COAD | Loss: 0.6701 | Terminal R: 1.0000 | Return: 1.0000 | Steps: 1 | Entropy: 0.6931
[Epoch 5/10] Step 1840 | Image: TCGA-CK-5913-COAD | Loss: 0.6763 | Terminal R: 1.0000 | Return: 1.0000 | Steps: 1 | Entropy: 0.6931
[Epoch 5/10] Step 1850 | Image: TCGA-D3-A1Q6-SKCM | Loss: 1.6288 | Terminal R: 1.0000 | Return: 2.9701 | Steps: 3 | Entropy: 0.6931
[Epoch 5/10] Step 1860 | Image: TCGA-D3-A3MO-SKCM | Loss: 0.6156 | Terminal R: 1.0000 | Return: 1.0000 | Steps: 1 | Entropy: 0.6931
[Epoch 5/10] Step 1870 | Image: TCGA-D3-A5GL-SKCM | Loss: 0.6172 | Terminal R: 1.0000 | Return: 1.0000 | Steps: 1 | Entropy: 0.6931
[Epoch 5/10] Step 1880 | Image: TCGA-D7-8574-STAD | Loss: 0.6908 | Terminal R: 1.0000 | Return: 1.0000 | Steps: 1 | Entropy: 0.6931
[Epoch 5/10] Step 1890 | Image: TCGA-DA-A1I5-SKCM | Loss: 0.5632 | Terminal R: 1.0000 | Return: 1.0000 | Steps: 1 | Entropy: 0.6931
[Epoch 5/10] Step 1900 | Image: TCGA-DD-A1EB-LIHC | Loss: 2.8867 | Terminal R: 1.0000 | Return: 3.9404 | Steps: 4 | Entropy: 0.6931
[Epoch 5/10] Step 1910 | Image: TCGA-DD-A1EG-LIHC | Loss: 1.6078 | Terminal R: 1.0000 | Return: 2.9701 | Steps: 3 | Entropy: 0.6931
[Epoch 5/10] Step 1920 | Image: TCGA-F2-6879-PAAD | Loss: 0.6706 | Terminal R: 1.0000 | Return: 1.0000 | Steps: 1 | Entropy: 0.6931
[Epoch 5/10] Step 1930 | Image: TCGA-FP-A9TM-STAD | Loss: 1.6428 | Terminal R: 1.0000 | Return: 2.9701 | Steps: 3 | Entropy: 0.6931
[Epoch 5/10] Step 1940 | Image: TCGA-G5-6641-READ | Loss: 0.6237 | Terminal R: 1.0000 | Return: 1.0000 | Steps: 1 | Entropy: 0.6931
[Epoch 5/10] Step 1950 | Image: TCGA-HU-A4HB-STAD | Loss: 1.6821 | Terminal R: 1.0000 | Return: 2.9701 | Steps: 3 | Entropy: 0.6931
[Epoch 5/10] Step 1960 | Image: TCGA-L5-A4ON-ESCA | Loss: 0.8687 | Terminal R: 1.0000 | Return: 1.9900 | Steps: 2 | Entropy: 0.6931
[Epoch 5/10] Step 1970 | Image: TCGA-NQ-A57I-MESO | Loss: 0.5348 | Terminal R: 1.0000 | Return: 1.0000 | Steps: 1 | Entropy: 0.6931
[Epoch 5/10] Step 1980 | Image: TCGA-V4-A9EE-UVM | Loss: 0.6036 | Terminal R: 1.0000 | Return: 1.0000 | Steps: 1 | Entropy: 0.6931
[Epoch 5/10] Step 1990 | Image: TCGA-V5-AASW-ESCA | Loss: 4.2572 | Terminal R: 1.0000 | Return: 4.9010 | Steps: 5 | Entropy: 0.6931
[Epoch 5/10] Step 2000 | Image: TCGA-XT-AASU-MESO | Loss: 0.6408 | Terminal R: 1.0000 | Return: 1.0000 | Steps: 1 | Entropy: 0.6931

================================================================================
Epoch 5/10 completed in 388.63s
================================================================================
loss                :   0.9132 ± 0.5698
terminal_reward     :   0.9900 ± 0.0995
episode_return      :   1.7149 ± 0.8683
steps               :   1.7425 ± 0.8839
entropy             :   0.6931 ± 0.0000
================================================================================

Checkpoint saved: data/models/rl/a2c_baseline/a2c_baseline_epoch_5.pt

[Epoch 6/10] Step 2010 | Image: TCGA-05-5423-LUAD | Loss: 0.5492 | Terminal R: 1.0000 | Return: 1.0000 | Steps: 1 | Entropy: 0.6931
[Epoch 6/10] Step 2020 | Image: TCGA-18-3406-LUSC | Loss: 1.6194 | Terminal R: 1.0000 | Return: 2.9701 | Steps: 3 | Entropy: 0.6931
[Epoch 6/10] Step 2030 | Image: TCGA-18-3408-LUSC | Loss: 0.7229 | Terminal R: 1.0000 | Return: 1.9900 | Steps: 2 | Entropy: 0.6931
[Epoch 6/10] Step 2040 | Image: TCGA-18-3412-LUSC | Loss: 0.6036 | Terminal R: 1.0000 | Return: 1.0000 | Steps: 1 | Entropy: 0.6931
[Epoch 6/10] Step 2050 | Image: TCGA-18-3417-LUSC | Loss: 0.8312 | Terminal R: 1.0000 | Return: 1.9900 | Steps: 2 | Entropy: 0.6931
[Epoch 6/10] Step 2060 | Image: TCGA-18-5592-LUSC | Loss: 1.8251 | Terminal R: 1.0000 | Return: 2.9701 | Steps: 3 | Entropy: 0.6931
[Epoch 6/10] Step 2070 | Image: TCGA-2H-A9GJ-ESCA | Loss: 0.7546 | Terminal R: 1.0000 | Return: 1.9900 | Steps: 2 | Entropy: 0.6931
[Epoch 6/10] Step 2080 | Image: TCGA-2Y-A9GT-LIHC | Loss: 1.5819 | Terminal R: 1.0000 | Return: 2.9701 | Steps: 3 | Entropy: 0.6931
[Epoch 6/10] Step 2090 | Image: TCGA-38-4628-LUAD | Loss: 3.0669 | Terminal R: 1.0000 | Return: 3.9404 | Steps: 4 | Entropy: 0.6931
[Epoch 6/10] Step 2100 | Image: TCGA-3M-AB46-STAD | Loss: 0.6061 | Terminal R: 1.0000 | Return: 1.0000 | Steps: 1 | Entropy: 0.6931
[Epoch 6/10] Step 2110 | Image: TCGA-44-2666-LUAD | Loss: 0.8097 | Terminal R: 1.0000 | Return: 1.9900 | Steps: 2 | Entropy: 0.6931
[Epoch 6/10] Step 2120 | Image: TCGA-44-6775-LUAD | Loss: 0.7445 | Terminal R: 1.0000 | Return: 1.9900 | Steps: 2 | Entropy: 0.6931
[Epoch 6/10] Step 2130 | Image: TCGA-55-6642-LUAD | Loss: 0.7047 | Terminal R: 1.0000 | Return: 1.0000 | Steps: 1 | Entropy: 0.6931
[Epoch 6/10] Step 2140 | Image: TCGA-55-8204-LUAD | Loss: 1.5767 | Terminal R: 1.0000 | Return: 2.9701 | Steps: 3 | Entropy: 0.6931
[Epoch 6/10] Step 2150 | Image: TCGA-AA-3489-COAD | Loss: 0.6871 | Terminal R: 1.0000 | Return: 1.9900 | Steps: 2 | Entropy: 0.6931
[Epoch 6/10] Step 2160 | Image: TCGA-AD-5900-COAD | Loss: 1.6568 | Terminal R: 1.0000 | Return: 2.9701 | Steps: 3 | Entropy: 0.6931
[Epoch 6/10] Step 2170 | Image: TCGA-AG-3591-READ | Loss: 0.5871 | Terminal R: 1.0000 | Return: 1.0000 | Steps: 1 | Entropy: 0.6931
[Epoch 6/10] Step 2180 | Image: TCGA-AZ-5407-COAD | Loss: 0.8116 | Terminal R: 1.0000 | Return: 1.9900 | Steps: 2 | Entropy: 0.6931
[Epoch 6/10] Step 2190 | Image: TCGA-BD-A3ER-LIHC | Loss: 1.7307 | Terminal R: 1.0000 | Return: 2.9701 | Steps: 3 | Entropy: 0.6931
[Epoch 6/10] Step 2200 | Image: TCGA-CC-A5UE-LIHC | Loss: 0.7784 | Terminal R: 1.0000 | Return: 1.9900 | Steps: 2 | Entropy: 0.6931
[Epoch 6/10] Step 2210 | Image: TCGA-CG-5716-STAD | Loss: 0.7025 | Terminal R: 1.0000 | Return: 1.0000 | Steps: 1 | Entropy: 0.6931
[Epoch 6/10] Step 2220 | Image: TCGA-CG-5723-STAD | Loss: 0.6671 | Terminal R: 1.0000 | Return: 1.0000 | Steps: 1 | Entropy: 0.6931
[Epoch 6/10] Step 2230 | Image: TCGA-CK-4950-COAD | Loss: 2.8598 | Terminal R: 1.0000 | Return: 3.9404 | Steps: 4 | Entropy: 0.6931
[Epoch 6/10] Step 2240 | Image: TCGA-CK-5913-COAD | Loss: 3.0313 | Terminal R: 1.0000 | Return: 3.9404 | Steps: 4 | Entropy: 0.6931
[Epoch 6/10] Step 2250 | Image: TCGA-D3-A1Q6-SKCM | Loss: 1.6486 | Terminal R: 1.0000 | Return: 2.9701 | Steps: 3 | Entropy: 0.6931
[Epoch 6/10] Step 2260 | Image: TCGA-D3-A3MO-SKCM | Loss: 0.6330 | Terminal R: 1.0000 | Return: 1.0000 | Steps: 1 | Entropy: 0.6931
[Epoch 6/10] Step 2270 | Image: TCGA-D3-A5GL-SKCM | Loss: 0.5649 | Terminal R: 1.0000 | Return: 1.0000 | Steps: 1 | Entropy: 0.6931
[Epoch 6/10] Step 2280 | Image: TCGA-D7-8574-STAD | Loss: 1.7848 | Terminal R: 1.0000 | Return: 2.9701 | Steps: 3 | Entropy: 0.6931
[Epoch 6/10] Step 2290 | Image: TCGA-DA-A1I5-SKCM | Loss: 0.7844 | Terminal R: 1.0000 | Return: 1.9900 | Steps: 2 | Entropy: 0.6931
[Epoch 6/10] Step 2300 | Image: TCGA-DD-A1EB-LIHC | Loss: 0.7224 | Terminal R: 1.0000 | Return: 1.0000 | Steps: 1 | Entropy: 0.6931
[Epoch 6/10] Step 2310 | Image: TCGA-DD-A1EG-LIHC | Loss: 0.7073 | Terminal R: 1.0000 | Return: 1.0000 | Steps: 1 | Entropy: 0.6931
[Epoch 6/10] Step 2320 | Image: TCGA-F2-6879-PAAD | Loss: 0.7077 | Terminal R: 1.0000 | Return: 1.0000 | Steps: 1 | Entropy: 0.6931
[Epoch 6/10] Step 2330 | Image: TCGA-FP-A9TM-STAD | Loss: 0.7245 | Terminal R: 1.0000 | Return: 1.0000 | Steps: 1 | Entropy: 0.6931
[Epoch 6/10] Step 2340 | Image: TCGA-G5-6641-READ | Loss: 3.0105 | Terminal R: 1.0000 | Return: 3.9404 | Steps: 4 | Entropy: 0.6931
[Epoch 6/10] Step 2350 | Image: TCGA-HU-A4HB-STAD | Loss: 1.7132 | Terminal R: 1.0000 | Return: 2.9701 | Steps: 3 | Entropy: 0.6931
[Epoch 6/10] Step 2360 | Image: TCGA-L5-A4ON-ESCA | Loss: 0.7072 | Terminal R: 1.0000 | Return: 1.0000 | Steps: 1 | Entropy: 0.6931
[Epoch 6/10] Step 2370 | Image: TCGA-NQ-A57I-MESO | Loss: 1.6437 | Terminal R: 1.0000 | Return: 2.9701 | Steps: 3 | Entropy: 0.6931
[Epoch 6/10] Step 2380 | Image: TCGA-V4-A9EE-UVM | Loss: 0.6341 | Terminal R: 1.0000 | Return: 1.0000 | Steps: 1 | Entropy: 0.6931
[Epoch 6/10] Step 2390 | Image: TCGA-V5-AASW-ESCA | Loss: 0.7033 | Terminal R: 1.0000 | Return: 1.0000 | Steps: 1 | Entropy: 0.6931
[Epoch 6/10] Step 2400 | Image: TCGA-XT-AASU-MESO | Loss: 0.7248 | Terminal R: 1.0000 | Return: 1.0000 | Steps: 1 | Entropy: 0.6931

================================================================================
Epoch 6/10 completed in 430.17s
================================================================================
loss                :   1.0229 ± 0.6676
terminal_reward     :   0.9925 ± 0.0863
episode_return      :   1.7980 ± 0.9523
steps               :   1.8175 ± 0.9587
entropy             :   0.6931 ± 0.0000
================================================================================

Checkpoint saved: data/models/rl/a2c_baseline/a2c_baseline_epoch_6.pt

[Epoch 7/10] Step 2410 | Image: TCGA-05-5423-LUAD | Loss: 0.8051 | Terminal R: 1.0000 | Return: 1.9900 | Steps: 2 | Entropy: 0.6931
[Epoch 7/10] Step 2420 | Image: TCGA-18-3406-LUSC | Loss: 0.6795 | Terminal R: 1.0000 | Return: 1.0000 | Steps: 1 | Entropy: 0.6931
[Epoch 7/10] Step 2430 | Image: TCGA-18-3408-LUSC | Loss: 0.8974 | Terminal R: 1.0000 | Return: 1.9900 | Steps: 2 | Entropy: 0.6931
[Epoch 7/10] Step 2440 | Image: TCGA-18-3412-LUSC | Loss: 0.7288 | Terminal R: 1.0000 | Return: 1.0000 | Steps: 1 | Entropy: 0.6931
[Epoch 7/10] Step 2450 | Image: TCGA-18-3417-LUSC | Loss: 0.7852 | Terminal R: 1.0000 | Return: 1.0000 | Steps: 1 | Entropy: 0.6931
[Epoch 7/10] Step 2460 | Image: TCGA-18-5592-LUSC | Loss: 1.7075 | Terminal R: 1.0000 | Return: 2.9701 | Steps: 3 | Entropy: 0.6931
[Epoch 7/10] Step 2470 | Image: TCGA-2H-A9GJ-ESCA | Loss: 0.7797 | Terminal R: 1.0000 | Return: 1.0000 | Steps: 1 | Entropy: 0.6931
[Epoch 7/10] Step 2480 | Image: TCGA-2Y-A9GT-LIHC | Loss: 0.6507 | Terminal R: 1.0000 | Return: 1.0000 | Steps: 1 | Entropy: 0.6931
[Epoch 7/10] Step 2490 | Image: TCGA-38-4628-LUAD | Loss: 2.9747 | Terminal R: 1.0000 | Return: 3.9404 | Steps: 4 | Entropy: 0.6931
[Epoch 7/10] Step 2500 | Image: TCGA-3M-AB46-STAD | Loss: 1.6273 | Terminal R: 1.0000 | Return: 2.9701 | Steps: 3 | Entropy: 0.6931
[Epoch 7/10] Step 2510 | Image: TCGA-44-2666-LUAD | Loss: 0.6220 | Terminal R: 1.0000 | Return: 1.0000 | Steps: 1 | Entropy: 0.6931
[Epoch 7/10] Step 2520 | Image: TCGA-44-6775-LUAD | Loss: 1.6246 | Terminal R: 1.0000 | Return: 2.9701 | Steps: 3 | Entropy: 0.6931
[Epoch 7/10] Step 2530 | Image: TCGA-55-6642-LUAD | Loss: 0.7361 | Terminal R: 1.0000 | Return: 1.9900 | Steps: 2 | Entropy: 0.6931
[Epoch 7/10] Step 2540 | Image: TCGA-55-8204-LUAD | Loss: 1.7420 | Terminal R: 1.0000 | Return: 2.9701 | Steps: 3 | Entropy: 0.6931
[Epoch 7/10] Step 2550 | Image: TCGA-AA-3489-COAD | Loss: 0.5626 | Terminal R: 1.0000 | Return: 1.0000 | Steps: 1 | Entropy: 0.6931
[Epoch 7/10] Step 2560 | Image: TCGA-AD-5900-COAD | Loss: 0.6204 | Terminal R: 1.0000 | Return: 1.0000 | Steps: 1 | Entropy: 0.6931
[Epoch 7/10] Step 2570 | Image: TCGA-AG-3591-READ | Loss: 0.6083 | Terminal R: 1.0000 | Return: 1.0000 | Steps: 1 | Entropy: 0.6931
[Epoch 7/10] Step 2580 | Image: TCGA-AZ-5407-COAD | Loss: 0.7364 | Terminal R: 1.0000 | Return: 1.9900 | Steps: 2 | Entropy: 0.6931
[Epoch 7/10] Step 2590 | Image: TCGA-BD-A3ER-LIHC | Loss: 0.6302 | Terminal R: 1.0000 | Return: 1.0000 | Steps: 1 | Entropy: 0.6931
[Epoch 7/10] Step 2600 | Image: TCGA-CC-A5UE-LIHC | Loss: 0.8351 | Terminal R: 1.0000 | Return: 1.9900 | Steps: 2 | Entropy: 0.6931
[Epoch 7/10] Step 2610 | Image: TCGA-CG-5716-STAD | Loss: 0.7142 | Terminal R: 1.0000 | Return: 1.0000 | Steps: 1 | Entropy: 0.6931
[Epoch 7/10] Step 2620 | Image: TCGA-CG-5723-STAD | Loss: 0.7327 | Terminal R: 1.0000 | Return: 1.0000 | Steps: 1 | Entropy: 0.6931
[Epoch 7/10] Step 2630 | Image: TCGA-CK-4950-COAD | Loss: 0.6805 | Terminal R: 1.0000 | Return: 1.0000 | Steps: 1 | Entropy: 0.6931
[Epoch 7/10] Step 2640 | Image: TCGA-CK-5913-COAD | Loss: 0.6152 | Terminal R: 1.0000 | Return: 1.0000 | Steps: 1 | Entropy: 0.6931
[Epoch 7/10] Step 2650 | Image: TCGA-D3-A1Q6-SKCM | Loss: 1.6309 | Terminal R: 1.0000 | Return: 2.9701 | Steps: 3 | Entropy: 0.6931
[Epoch 7/10] Step 2660 | Image: TCGA-D3-A3MO-SKCM | Loss: 0.7361 | Terminal R: 1.0000 | Return: 1.9900 | Steps: 2 | Entropy: 0.6931
[Epoch 7/10] Step 2670 | Image: TCGA-D3-A5GL-SKCM | Loss: 2.8924 | Terminal R: 1.0000 | Return: 3.9404 | Steps: 4 | Entropy: 0.6931
[Epoch 7/10] Step 2680 | Image: TCGA-D7-8574-STAD | Loss: 0.7363 | Terminal R: 1.0000 | Return: 1.0000 | Steps: 1 | Entropy: 0.6931
[Epoch 7/10] Step 2690 | Image: TCGA-DA-A1I5-SKCM | Loss: 0.7792 | Terminal R: 1.0000 | Return: 1.9900 | Steps: 2 | Entropy: 0.6931
[Epoch 7/10] Step 2700 | Image: TCGA-DD-A1EB-LIHC | Loss: 1.7601 | Terminal R: 1.0000 | Return: 2.9701 | Steps: 3 | Entropy: 0.6931
[Epoch 7/10] Step 2710 | Image: TCGA-DD-A1EG-LIHC | Loss: 0.9119 | Terminal R: 1.0000 | Return: 1.9900 | Steps: 2 | Entropy: 0.6931
[Epoch 7/10] Step 2720 | Image: TCGA-F2-6879-PAAD | Loss: 0.6990 | Terminal R: 1.0000 | Return: 1.0000 | Steps: 1 | Entropy: 0.6931
[Epoch 7/10] Step 2730 | Image: TCGA-FP-A9TM-STAD | Loss: 1.8079 | Terminal R: 1.0000 | Return: 2.9701 | Steps: 3 | Entropy: 0.6931
[Epoch 7/10] Step 2740 | Image: TCGA-G5-6641-READ | Loss: 0.7231 | Terminal R: 1.0000 | Return: 1.0000 | Steps: 1 | Entropy: 0.6931
[Epoch 7/10] Step 2750 | Image: TCGA-HU-A4HB-STAD | Loss: 0.8039 | Terminal R: 1.0000 | Return: 1.9900 | Steps: 2 | Entropy: 0.6931
[Epoch 7/10] Step 2760 | Image: TCGA-L5-A4ON-ESCA | Loss: 0.8381 | Terminal R: 1.0000 | Return: 1.9900 | Steps: 2 | Entropy: 0.6931
[Epoch 7/10] Step 2770 | Image: TCGA-NQ-A57I-MESO | Loss: 0.7014 | Terminal R: 1.0000 | Return: 1.0000 | Steps: 1 | Entropy: 0.6931
[Epoch 7/10] Step 2780 | Image: TCGA-V4-A9EE-UVM | Loss: 0.6264 | Terminal R: 1.0000 | Return: 1.0000 | Steps: 1 | Entropy: 0.6931
[Epoch 7/10] Step 2790 | Image: TCGA-V5-AASW-ESCA | Loss: 0.6397 | Terminal R: 1.0000 | Return: 1.0000 | Steps: 1 | Entropy: 0.6931
[Epoch 7/10] Step 2800 | Image: TCGA-XT-AASU-MESO | Loss: 0.5976 | Terminal R: 1.0000 | Return: 1.0000 | Steps: 1 | Entropy: 0.6931

================================================================================
Epoch 7/10 completed in 411.93s
================================================================================
loss                :   0.9853 ± 0.6584
terminal_reward     :   0.9975 ± 0.0499
episode_return      :   1.7145 ± 0.9079
steps               :   1.7300 ± 0.9258
entropy             :   0.6931 ± 0.0000
================================================================================

Checkpoint saved: data/models/rl/a2c_baseline/a2c_baseline_epoch_7.pt

[Epoch 8/10] Step 2810 | Image: TCGA-05-5423-LUAD | Loss: 1.8414 | Terminal R: 1.0000 | Return: 2.9701 | Steps: 3 | Entropy: 0.6931
[Epoch 8/10] Step 2820 | Image: TCGA-18-3406-LUSC | Loss: 0.7821 | Terminal R: 1.0000 | Return: 1.0000 | Steps: 1 | Entropy: 0.6931
[Epoch 8/10] Step 2830 | Image: TCGA-18-3408-LUSC | Loss: 0.7352 | Terminal R: 1.0000 | Return: 1.0000 | Steps: 1 | Entropy: 0.6931
[Epoch 8/10] Step 2840 | Image: TCGA-18-3412-LUSC | Loss: 0.7563 | Terminal R: 1.0000 | Return: 1.9900 | Steps: 2 | Entropy: 0.6931
[Epoch 8/10] Step 2850 | Image: TCGA-18-3417-LUSC | Loss: 0.7507 | Terminal R: 1.0000 | Return: 1.0000 | Steps: 1 | Entropy: 0.6931
[Epoch 8/10] Step 2860 | Image: TCGA-18-5592-LUSC | Loss: 0.6841 | Terminal R: 1.0000 | Return: 1.0000 | Steps: 1 | Entropy: 0.6931
[Epoch 8/10] Step 2870 | Image: TCGA-2H-A9GJ-ESCA | Loss: 0.6412 | Terminal R: 1.0000 | Return: 1.0000 | Steps: 1 | Entropy: 0.6931
[Epoch 8/10] Step 2880 | Image: TCGA-2Y-A9GT-LIHC | Loss: 0.8171 | Terminal R: 1.0000 | Return: 1.0000 | Steps: 1 | Entropy: 0.6931
[Epoch 8/10] Step 2890 | Image: TCGA-38-4628-LUAD | Loss: 1.6550 | Terminal R: 1.0000 | Return: 2.9701 | Steps: 3 | Entropy: 0.6931
[Epoch 8/10] Step 2900 | Image: TCGA-3M-AB46-STAD | Loss: 0.6946 | Terminal R: 1.0000 | Return: 1.0000 | Steps: 1 | Entropy: 0.6931
[Epoch 8/10] Step 2910 | Image: TCGA-44-2666-LUAD | Loss: 0.8037 | Terminal R: 1.0000 | Return: 1.9900 | Steps: 2 | Entropy: 0.6931
[Epoch 8/10] Step 2920 | Image: TCGA-44-6775-LUAD | Loss: 0.7311 | Terminal R: 1.0000 | Return: 1.9900 | Steps: 2 | Entropy: 0.6931
[Epoch 8/10] Step 2930 | Image: TCGA-55-6642-LUAD | Loss: 0.7852 | Terminal R: 1.0000 | Return: 1.9900 | Steps: 2 | Entropy: 0.6931
[Epoch 8/10] Step 2940 | Image: TCGA-55-8204-LUAD | Loss: 0.8606 | Terminal R: 1.0000 | Return: 1.9900 | Steps: 2 | Entropy: 0.6931
[Epoch 8/10] Step 2950 | Image: TCGA-AA-3489-COAD | Loss: 0.5691 | Terminal R: 1.0000 | Return: 1.0000 | Steps: 1 | Entropy: 0.6931
[Epoch 8/10] Step 2960 | Image: TCGA-AD-5900-COAD | Loss: 0.6644 | Terminal R: 1.0000 | Return: 1.0000 | Steps: 1 | Entropy: 0.6931
[Epoch 8/10] Step 2970 | Image: TCGA-AG-3591-READ | Loss: 0.5677 | Terminal R: 1.0000 | Return: 1.0000 | Steps: 1 | Entropy: 0.6931
[Epoch 8/10] Step 2980 | Image: TCGA-AZ-5407-COAD | Loss: 1.5955 | Terminal R: 1.0000 | Return: 2.9701 | Steps: 3 | Entropy: 0.6931
[Epoch 8/10] Step 2990 | Image: TCGA-BD-A3ER-LIHC | Loss: 0.9290 | Terminal R: 1.0000 | Return: 1.9900 | Steps: 2 | Entropy: 0.6931
[Epoch 8/10] Step 3000 | Image: TCGA-CC-A5UE-LIHC | Loss: 1.6654 | Terminal R: 1.0000 | Return: 2.9701 | Steps: 3 | Entropy: 0.6931
[Epoch 8/10] Step 3010 | Image: TCGA-CG-5716-STAD | Loss: 0.6247 | Terminal R: 1.0000 | Return: 1.0000 | Steps: 1 | Entropy: 0.6931
[Epoch 8/10] Step 3020 | Image: TCGA-CG-5723-STAD | Loss: 1.8374 | Terminal R: 1.0000 | Return: 2.9701 | Steps: 3 | Entropy: 0.6931
[Epoch 8/10] Step 3030 | Image: TCGA-CK-4950-COAD | Loss: 0.8224 | Terminal R: 1.0000 | Return: 1.9900 | Steps: 2 | Entropy: 0.6931
[Epoch 8/10] Step 3040 | Image: TCGA-CK-5913-COAD | Loss: 1.6152 | Terminal R: 1.0000 | Return: 2.9701 | Steps: 3 | Entropy: 0.6931
[Epoch 8/10] Step 3050 | Image: TCGA-D3-A1Q6-SKCM | Loss: 0.6651 | Terminal R: 1.0000 | Return: 1.0000 | Steps: 1 | Entropy: 0.6931
[Epoch 8/10] Step 3060 | Image: TCGA-D3-A3MO-SKCM | Loss: 0.8529 | Terminal R: 1.0000 | Return: 1.9900 | Steps: 2 | Entropy: 0.6931
[Epoch 8/10] Step 3070 | Image: TCGA-D3-A5GL-SKCM | Loss: 0.6561 | Terminal R: 1.0000 | Return: 1.0000 | Steps: 1 | Entropy: 0.6931
[Epoch 8/10] Step 3080 | Image: TCGA-D7-8574-STAD | Loss: 0.8343 | Terminal R: 1.0000 | Return: 1.0000 | Steps: 1 | Entropy: 0.6931
[Epoch 8/10] Step 3090 | Image: TCGA-DA-A1I5-SKCM | Loss: 0.7492 | Terminal R: 1.0000 | Return: 1.9900 | Steps: 2 | Entropy: 0.6931
[Epoch 8/10] Step 3100 | Image: TCGA-DD-A1EB-LIHC | Loss: 0.6124 | Terminal R: 1.0000 | Return: 1.0000 | Steps: 1 | Entropy: 0.6931
[Epoch 8/10] Step 3110 | Image: TCGA-DD-A1EG-LIHC | Loss: 0.6397 | Terminal R: 1.0000 | Return: 1.0000 | Steps: 1 | Entropy: 0.6931
[Epoch 8/10] Step 3120 | Image: TCGA-F2-6879-PAAD | Loss: 0.7752 | Terminal R: 1.0000 | Return: 1.9900 | Steps: 2 | Entropy: 0.6931
[Epoch 8/10] Step 3130 | Image: TCGA-FP-A9TM-STAD | Loss: 0.7383 | Terminal R: 1.0000 | Return: 1.0000 | Steps: 1 | Entropy: 0.6931
[Epoch 8/10] Step 3140 | Image: TCGA-G5-6641-READ | Loss: 1.7246 | Terminal R: 1.0000 | Return: 2.9701 | Steps: 3 | Entropy: 0.6931
[Epoch 8/10] Step 3150 | Image: TCGA-HU-A4HB-STAD | Loss: 0.6346 | Terminal R: 1.0000 | Return: 1.0000 | Steps: 1 | Entropy: 0.6931
[Epoch 8/10] Step 3160 | Image: TCGA-L5-A4ON-ESCA | Loss: 0.6154 | Terminal R: 1.0000 | Return: 1.0000 | Steps: 1 | Entropy: 0.6931
[Epoch 8/10] Step 3170 | Image: TCGA-NQ-A57I-MESO | Loss: 3.0030 | Terminal R: 1.0000 | Return: 3.9404 | Steps: 4 | Entropy: 0.6931
[Epoch 8/10] Step 3180 | Image: TCGA-V4-A9EE-UVM | Loss: 0.6161 | Terminal R: 1.0000 | Return: 1.0000 | Steps: 1 | Entropy: 0.6931
[Epoch 8/10] Step 3190 | Image: TCGA-V5-AASW-ESCA | Loss: 2.8743 | Terminal R: 1.0000 | Return: 3.9404 | Steps: 4 | Entropy: 0.6931
[Epoch 8/10] Step 3200 | Image: TCGA-XT-AASU-MESO | Loss: 0.6930 | Terminal R: 1.0000 | Return: 1.0000 | Steps: 1 | Entropy: 0.6931

================================================================================
Epoch 8/10 completed in 428.11s
================================================================================
loss                :   1.0207 ± 0.6482
terminal_reward     :   0.9950 ± 0.0705
episode_return      :   1.7536 ± 0.9529
steps               :   1.7700 ± 0.9629
entropy             :   0.6931 ± 0.0000
================================================================================

Checkpoint saved: data/models/rl/a2c_baseline/a2c_baseline_epoch_8.pt

[Epoch 9/10] Step 3210 | Image: TCGA-05-5423-LUAD | Loss: 0.6879 | Terminal R: 1.0000 | Return: 1.0000 | Steps: 1 | Entropy: 0.6931
[Epoch 9/10] Step 3220 | Image: TCGA-18-3406-LUSC | Loss: 0.7377 | Terminal R: 1.0000 | Return: 1.0000 | Steps: 1 | Entropy: 0.6931
[Epoch 9/10] Step 3230 | Image: TCGA-18-3408-LUSC | Loss: 0.6589 | Terminal R: 1.0000 | Return: 1.0000 | Steps: 1 | Entropy: 0.6931
[Epoch 9/10] Step 3240 | Image: TCGA-18-3412-LUSC | Loss: 0.6788 | Terminal R: 1.0000 | Return: 1.0000 | Steps: 1 | Entropy: 0.6931
[Epoch 9/10] Step 3250 | Image: TCGA-18-3417-LUSC | Loss: 0.7331 | Terminal R: 1.0000 | Return: 1.9900 | Steps: 2 | Entropy: 0.6931
[Epoch 9/10] Step 3260 | Image: TCGA-18-5592-LUSC | Loss: 0.6611 | Terminal R: 1.0000 | Return: 1.0000 | Steps: 1 | Entropy: 0.6931
[Epoch 9/10] Step 3270 | Image: TCGA-2H-A9GJ-ESCA | Loss: 0.7531 | Terminal R: 1.0000 | Return: 1.9900 | Steps: 2 | Entropy: 0.6931
[Epoch 9/10] Step 3280 | Image: TCGA-2Y-A9GT-LIHC | Loss: 0.6273 | Terminal R: 1.0000 | Return: 1.0000 | Steps: 1 | Entropy: 0.6931
[Epoch 9/10] Step 3290 | Image: TCGA-38-4628-LUAD | Loss: 2.8648 | Terminal R: 1.0000 | Return: 3.9404 | Steps: 4 | Entropy: 0.6931
[Epoch 9/10] Step 3300 | Image: TCGA-3M-AB46-STAD | Loss: 1.6642 | Terminal R: 1.0000 | Return: 2.9701 | Steps: 3 | Entropy: 0.6931
[Epoch 9/10] Step 3310 | Image: TCGA-44-2666-LUAD | Loss: 0.8467 | Terminal R: 1.0000 | Return: 1.9900 | Steps: 2 | Entropy: 0.6931
[Epoch 9/10] Step 3320 | Image: TCGA-44-6775-LUAD | Loss: 1.7971 | Terminal R: 1.0000 | Return: 2.9701 | Steps: 3 | Entropy: 0.6931
[Epoch 9/10] Step 3330 | Image: TCGA-55-6642-LUAD | Loss: 0.6259 | Terminal R: 1.0000 | Return: 1.0000 | Steps: 1 | Entropy: 0.6931
[Epoch 9/10] Step 3340 | Image: TCGA-55-8204-LUAD | Loss: 0.6459 | Terminal R: 1.0000 | Return: 1.0000 | Steps: 1 | Entropy: 0.6931
[Epoch 9/10] Step 3350 | Image: TCGA-AA-3489-COAD | Loss: 1.5216 | Terminal R: 1.0000 | Return: 2.9701 | Steps: 3 | Entropy: 0.6931
[Epoch 9/10] Step 3360 | Image: TCGA-AD-5900-COAD | Loss: 0.6924 | Terminal R: 1.0000 | Return: 1.0000 | Steps: 1 | Entropy: 0.6931
[Epoch 9/10] Step 3370 | Image: TCGA-AG-3591-READ | Loss: 1.6592 | Terminal R: 1.0000 | Return: 2.9701 | Steps: 3 | Entropy: 0.6931
[Epoch 9/10] Step 3380 | Image: TCGA-AZ-5407-COAD | Loss: 0.7233 | Terminal R: 1.0000 | Return: 1.9900 | Steps: 2 | Entropy: 0.6931
[Epoch 9/10] Step 3390 | Image: TCGA-BD-A3ER-LIHC | Loss: 0.8221 | Terminal R: 1.0000 | Return: 1.0000 | Steps: 1 | Entropy: 0.6931
[Epoch 9/10] Step 3400 | Image: TCGA-CC-A5UE-LIHC | Loss: 0.7248 | Terminal R: 1.0000 | Return: 1.0000 | Steps: 1 | Entropy: 0.6931
[Epoch 9/10] Step 3410 | Image: TCGA-CG-5716-STAD | Loss: 0.7451 | Terminal R: 1.0000 | Return: 1.0000 | Steps: 1 | Entropy: 0.6931
[Epoch 9/10] Step 3420 | Image: TCGA-CG-5723-STAD | Loss: 0.7091 | Terminal R: 1.0000 | Return: 1.0000 | Steps: 1 | Entropy: 0.6931
[Epoch 9/10] Step 3430 | Image: TCGA-CK-4950-COAD | Loss: 3.0878 | Terminal R: 1.0000 | Return: 3.9404 | Steps: 4 | Entropy: 0.6931
[Epoch 9/10] Step 3440 | Image: TCGA-CK-5913-COAD | Loss: 0.8043 | Terminal R: 1.0000 | Return: 1.9900 | Steps: 2 | Entropy: 0.6931
[Epoch 9/10] Step 3450 | Image: TCGA-D3-A1Q6-SKCM | Loss: 0.7738 | Terminal R: 1.0000 | Return: 1.0000 | Steps: 1 | Entropy: 0.6931
[Epoch 9/10] Step 3460 | Image: TCGA-D3-A3MO-SKCM | Loss: 0.9600 | Terminal R: 1.0000 | Return: 1.9900 | Steps: 2 | Entropy: 0.6931
[Epoch 9/10] Step 3470 | Image: TCGA-D3-A5GL-SKCM | Loss: 0.8285 | Terminal R: 1.0000 | Return: 1.9900 | Steps: 2 | Entropy: 0.6931
[Epoch 9/10] Step 3480 | Image: TCGA-D7-8574-STAD | Loss: 0.8734 | Terminal R: 1.0000 | Return: 1.0000 | Steps: 1 | Entropy: 0.6931
[Epoch 9/10] Step 3490 | Image: TCGA-DA-A1I5-SKCM | Loss: 0.7452 | Terminal R: 1.0000 | Return: 1.0000 | Steps: 1 | Entropy: 0.6931
[Epoch 9/10] Step 3500 | Image: TCGA-DD-A1EB-LIHC | Loss: 0.7370 | Terminal R: 1.0000 | Return: 1.0000 | Steps: 1 | Entropy: 0.6931
[Epoch 9/10] Step 3510 | Image: TCGA-DD-A1EG-LIHC | Loss: 0.8499 | Terminal R: 1.0000 | Return: 1.0000 | Steps: 1 | Entropy: 0.6931
[Epoch 9/10] Step 3520 | Image: TCGA-F2-6879-PAAD | Loss: 0.7431 | Terminal R: 1.0000 | Return: 1.0000 | Steps: 1 | Entropy: 0.6931
[Epoch 9/10] Step 3530 | Image: TCGA-FP-A9TM-STAD | Loss: 0.7560 | Terminal R: 1.0000 | Return: 1.0000 | Steps: 1 | Entropy: 0.6931
[Epoch 9/10] Step 3540 | Image: TCGA-G5-6641-READ | Loss: 1.7974 | Terminal R: 1.0000 | Return: 2.9701 | Steps: 3 | Entropy: 0.6931
[Epoch 9/10] Step 3550 | Image: TCGA-HU-A4HB-STAD | Loss: 0.8931 | Terminal R: 1.0000 | Return: 1.0000 | Steps: 1 | Entropy: 0.6931
[Epoch 9/10] Step 3560 | Image: TCGA-L5-A4ON-ESCA | Loss: 0.8969 | Terminal R: 1.0000 | Return: 1.9900 | Steps: 2 | Entropy: 0.6931
[Epoch 9/10] Step 3570 | Image: TCGA-NQ-A57I-MESO | Loss: 1.8036 | Terminal R: 1.0000 | Return: 2.9701 | Steps: 3 | Entropy: 0.6931
[Epoch 9/10] Step 3580 | Image: TCGA-V4-A9EE-UVM | Loss: 0.8540 | Terminal R: 1.0000 | Return: 1.9900 | Steps: 2 | Entropy: 0.6931
[Epoch 9/10] Step 3590 | Image: TCGA-V5-AASW-ESCA | Loss: 0.8735 | Terminal R: 1.0000 | Return: 1.9900 | Steps: 2 | Entropy: 0.6931
[Epoch 9/10] Step 3600 | Image: TCGA-XT-AASU-MESO | Loss: 0.7698 | Terminal R: 1.0000 | Return: 1.0000 | Steps: 1 | Entropy: 0.6931

================================================================================
Epoch 9/10 completed in 449.02s
================================================================================
loss                :   1.0867 ± 0.7043
terminal_reward     :   0.9950 ± 0.0705
episode_return      :   1.8102 ± 0.9729
steps               :   1.8275 ± 0.9837
entropy             :   0.6931 ± 0.0000
================================================================================

Checkpoint saved: data/models/rl/a2c_baseline/a2c_baseline_epoch_9.pt

[Epoch 10/10] Step 3610 | Image: TCGA-05-5423-LUAD | Loss: 1.7598 | Terminal R: 1.0000 | Return: 2.9701 | Steps: 3 | Entropy: 0.6931
[Epoch 10/10] Step 3620 | Image: TCGA-18-3406-LUSC | Loss: 0.8945 | Terminal R: 1.0000 | Return: 1.9900 | Steps: 2 | Entropy: 0.6931
[Epoch 10/10] Step 3630 | Image: TCGA-18-3408-LUSC | Loss: 1.7367 | Terminal R: 1.0000 | Return: 2.9701 | Steps: 3 | Entropy: 0.6931
[Epoch 10/10] Step 3640 | Image: TCGA-18-3412-LUSC | Loss: 0.6600 | Terminal R: 1.0000 | Return: 1.0000 | Steps: 1 | Entropy: 0.6931
[Epoch 10/10] Step 3650 | Image: TCGA-18-3417-LUSC | Loss: 0.8844 | Terminal R: 1.0000 | Return: 1.9900 | Steps: 2 | Entropy: 0.6931
[Epoch 10/10] Step 3660 | Image: TCGA-18-5592-LUSC | Loss: 0.8635 | Terminal R: 1.0000 | Return: 1.0000 | Steps: 1 | Entropy: 0.6931
[Epoch 10/10] Step 3670 | Image: TCGA-2H-A9GJ-ESCA | Loss: 0.7286 | Terminal R: 1.0000 | Return: 1.0000 | Steps: 1 | Entropy: 0.6931
[Epoch 10/10] Step 3680 | Image: TCGA-2Y-A9GT-LIHC | Loss: 0.7868 | Terminal R: 1.0000 | Return: 1.0000 | Steps: 1 | Entropy: 0.6931
[Epoch 10/10] Step 3690 | Image: TCGA-38-4628-LUAD | Loss: 0.7034 | Terminal R: 1.0000 | Return: 1.0000 | Steps: 1 | Entropy: 0.6931
[Epoch 10/10] Step 3700 | Image: TCGA-3M-AB46-STAD | Loss: 0.8553 | Terminal R: 1.0000 | Return: 1.9900 | Steps: 2 | Entropy: 0.6931
[Epoch 10/10] Step 3710 | Image: TCGA-44-2666-LUAD | Loss: 0.8512 | Terminal R: 1.0000 | Return: 1.9900 | Steps: 2 | Entropy: 0.6931
[Epoch 10/10] Step 3720 | Image: TCGA-44-6775-LUAD | Loss: 1.7835 | Terminal R: 1.0000 | Return: 2.9701 | Steps: 3 | Entropy: 0.6931
[Epoch 10/10] Step 3730 | Image: TCGA-55-6642-LUAD | Loss: 0.7035 | Terminal R: 1.0000 | Return: 1.0000 | Steps: 1 | Entropy: 0.6931
[Epoch 10/10] Step 3740 | Image: TCGA-55-8204-LUAD | Loss: 1.8121 | Terminal R: 1.0000 | Return: 2.9701 | Steps: 3 | Entropy: 0.6931
[Epoch 10/10] Step 3750 | Image: TCGA-AA-3489-COAD | Loss: 0.6632 | Terminal R: 1.0000 | Return: 1.0000 | Steps: 1 | Entropy: 0.6931
[Epoch 10/10] Step 3760 | Image: TCGA-AD-5900-COAD | Loss: 1.8262 | Terminal R: 1.0000 | Return: 2.9701 | Steps: 3 | Entropy: 0.6931
[Epoch 10/10] Step 3770 | Image: TCGA-AG-3591-READ | Loss: 0.7064 | Terminal R: 1.0000 | Return: 1.0000 | Steps: 1 | Entropy: 0.6931
[Epoch 10/10] Step 3780 | Image: TCGA-AZ-5407-COAD | Loss: 0.8723 | Terminal R: 1.0000 | Return: 1.9900 | Steps: 2 | Entropy: 0.6931
[Epoch 10/10] Step 3790 | Image: TCGA-BD-A3ER-LIHC | Loss: 0.8521 | Terminal R: 1.0000 | Return: 1.0000 | Steps: 1 | Entropy: 0.6931
[Epoch 10/10] Step 3800 | Image: TCGA-CC-A5UE-LIHC | Loss: 0.9046 | Terminal R: 1.0000 | Return: 1.9900 | Steps: 2 | Entropy: 0.6931
[Epoch 10/10] Step 3810 | Image: TCGA-CG-5716-STAD | Loss: 0.8565 | Terminal R: 1.0000 | Return: 1.9900 | Steps: 2 | Entropy: 0.6931
[Epoch 10/10] Step 3820 | Image: TCGA-CG-5723-STAD | Loss: 0.8287 | Terminal R: 1.0000 | Return: 1.9900 | Steps: 2 | Entropy: 0.6931
[Epoch 10/10] Step 3830 | Image: TCGA-CK-4950-COAD | Loss: 3.0355 | Terminal R: 1.0000 | Return: 3.9404 | Steps: 4 | Entropy: 0.6931
[Epoch 10/10] Step 3840 | Image: TCGA-CK-5913-COAD | Loss: 0.7414 | Terminal R: 1.0000 | Return: 1.0000 | Steps: 1 | Entropy: 0.6931
[Epoch 10/10] Step 3850 | Image: TCGA-D3-A1Q6-SKCM | Loss: 0.8413 | Terminal R: 1.0000 | Return: 1.9900 | Steps: 2 | Entropy: 0.6931
[Epoch 10/10] Step 3860 | Image: TCGA-D3-A3MO-SKCM | Loss: 0.8585 | Terminal R: 1.0000 | Return: 1.9900 | Steps: 2 | Entropy: 0.6931
[Epoch 10/10] Step 3870 | Image: TCGA-D3-A5GL-SKCM | Loss: 0.7403 | Terminal R: 1.0000 | Return: 1.0000 | Steps: 1 | Entropy: 0.6931
[Epoch 10/10] Step 3880 | Image: TCGA-D7-8574-STAD | Loss: 0.7622 | Terminal R: 1.0000 | Return: 1.0000 | Steps: 1 | Entropy: 0.6931
[Epoch 10/10] Step 3890 | Image: TCGA-DA-A1I5-SKCM | Loss: 0.8301 | Terminal R: 1.0000 | Return: 1.9900 | Steps: 2 | Entropy: 0.6931
[Epoch 10/10] Step 3900 | Image: TCGA-DD-A1EB-LIHC | Loss: 0.8476 | Terminal R: 1.0000 | Return: 1.0000 | Steps: 1 | Entropy: 0.6931
[Epoch 10/10] Step 3910 | Image: TCGA-DD-A1EG-LIHC | Loss: 3.0187 | Terminal R: 1.0000 | Return: 3.9404 | Steps: 4 | Entropy: 0.6931
[Epoch 10/10] Step 3920 | Image: TCGA-F2-6879-PAAD | Loss: 0.8153 | Terminal R: 1.0000 | Return: 1.0000 | Steps: 1 | Entropy: 0.6931
[Epoch 10/10] Step 3930 | Image: TCGA-FP-A9TM-STAD | Loss: 0.8358 | Terminal R: 1.0000 | Return: 1.9900 | Steps: 2 | Entropy: 0.6931
[Epoch 10/10] Step 3940 | Image: TCGA-G5-6641-READ | Loss: 0.7853 | Terminal R: 1.0000 | Return: 1.0000 | Steps: 1 | Entropy: 0.6931
[Epoch 10/10] Step 3950 | Image: TCGA-HU-A4HB-STAD | Loss: 1.8765 | Terminal R: 1.0000 | Return: 2.9701 | Steps: 3 | Entropy: 0.6931
[Epoch 10/10] Step 3960 | Image: TCGA-L5-A4ON-ESCA | Loss: 0.6845 | Terminal R: 1.0000 | Return: 1.0000 | Steps: 1 | Entropy: 0.6931
[Epoch 10/10] Step 3970 | Image: TCGA-NQ-A57I-MESO | Loss: 1.8904 | Terminal R: 1.0000 | Return: 2.9701 | Steps: 3 | Entropy: 0.6931
[Epoch 10/10] Step 3980 | Image: TCGA-V4-A9EE-UVM | Loss: 1.8637 | Terminal R: 1.0000 | Return: 2.9701 | Steps: 3 | Entropy: 0.6931
[Epoch 10/10] Step 3990 | Image: TCGA-V5-AASW-ESCA | Loss: 0.7458 | Terminal R: 1.0000 | Return: 1.0000 | Steps: 1 | Entropy: 0.6931
[Epoch 10/10] Step 4000 | Image: TCGA-XT-AASU-MESO | Loss: 0.7441 | Terminal R: 1.0000 | Return: 1.0000 | Steps: 1 | Entropy: 0.6931

================================================================================
Epoch 10/10 completed in 440.65s
================================================================================
loss                :   1.0996 ± 0.7181
terminal_reward     :   1.0000 ± 0.0000
episode_return      :   1.8031 ± 0.9316
steps               :   1.8150 ± 0.9491
entropy             :   0.6931 ± 0.0000
================================================================================

Checkpoint saved: data/models/rl/a2c_baseline/a2c_baseline_epoch_10.pt

Training complete!
Final model saved: data/models/rl/a2c_baseline/a2c_baseline_final.pt
jay@MacBookPro ~/D/MA (main)>                                                                                                                   (base) this is thelog. can you confirm what you've said based on this?